<?xml version="1.0" encoding="UTF-8"?>
<!-- Generated by org.testng.reporters.JUnitReportReporter -->
<testsuite hostname="ATMECSINDT-050" name="com.atmecs.glucko.testscripts.AddFoodMedicine" tests="1" failures="0" timestamp="30 Jun 2016 09:59:52 GMT" time="19.020" errors="1">
  <testcase name="test" time="19.020" classname="com.atmecs.glucko.testscripts.AddFoodMedicine">
    <error type="org.openqa.selenium.NoSuchElementException" message="An element could not be located on the page using the given search parameters. (WARNING: The server did not provide any stacktrace information)
Command duration or timeout: 535 milliseconds
For documentation on this error, please visit: http://seleniumhq.org/exceptions/no_such_element.html
Build info: version: &#039;2.53.0&#039;, revision: &#039;35ae25b1534ae328c771e0856c93e187490ca824&#039;, time: &#039;2016-03-15 10:43:46&#039;
System info: host: &#039;ATMECSINDT-050&#039;, ip: &#039;10.11.20.11&#039;, os.name: &#039;Windows 7&#039;, os.arch: &#039;amd64&#039;, os.version: &#039;6.1&#039;, java.version: &#039;1.8.0_92&#039;
Driver info: io.appium.java_client.android.AndroidDriver
Capabilities [{appPackage=com.glooko.logbook, noReset=true, dontStopAppOnReset=null, language=null, locale=null, deviceName=192.168.56.101:5555, fullReset=false, platform=LINUX, desired={app=null, appPackage=com.glooko.logbook, orientation=null, noReset=true, dontStopAppOnReset=null, appiumVersion=null, appWaitPackage=null, appWaitActivity=null, language=null, locale=null, deviceName=Android, launchTimeout=null, fullReset=false, appActivity=com.glooko.logbook.activity.FtueActivity, newCommandTimeout=60*5, platformVersion=5.X, browserName=, platformName=Android}, newCommandTimeout=60*5, platformVersion=5.1, webStorageEnabled=false, browserName=, takesScreenshot=true, javascriptEnabled=true, platformName=Android, app=null, networkConnectionEnabled=true, orientation=null, warnings={}, appiumVersion=null, appWaitPackage=null, appWaitActivity=null, databaseEnabled=false, launchTimeout=null, appActivity=com.glooko.logbook.activity.FtueActivity, locationContextEnabled=false}]
Session ID: 09d50cf7-e941-46b5-800f-616bc1534c6e
*** Element info: {Using=id, value=com.glooko.logbook:id/note_food_field}">
      <![CDATA[org.openqa.selenium.NoSuchElementException: An element could not be located on the page using the given search parameters. (WARNING: The server did not provide any stacktrace information)
Command duration or timeout: 535 milliseconds
For documentation on this error, please visit: http://seleniumhq.org/exceptions/no_such_element.html
Build info: version: '2.53.0', revision: '35ae25b1534ae328c771e0856c93e187490ca824', time: '2016-03-15 10:43:46'
System info: host: 'ATMECSINDT-050', ip: '10.11.20.11', os.name: 'Windows 7', os.arch: 'amd64', os.version: '6.1', java.version: '1.8.0_92'
Driver info: io.appium.java_client.android.AndroidDriver
Capabilities [{appPackage=com.glooko.logbook, noReset=true, dontStopAppOnReset=null, language=null, locale=null, deviceName=192.168.56.101:5555, fullReset=false, platform=LINUX, desired={app=null, appPackage=com.glooko.logbook, orientation=null, noReset=true, dontStopAppOnReset=null, appiumVersion=null, appWaitPackage=null, appWaitActivity=null, language=null, locale=null, deviceName=Android, launchTimeout=null, fullReset=false, appActivity=com.glooko.logbook.activity.FtueActivity, newCommandTimeout=60*5, platformVersion=5.X, browserName=, platformName=Android}, newCommandTimeout=60*5, platformVersion=5.1, webStorageEnabled=false, browserName=, takesScreenshot=true, javascriptEnabled=true, platformName=Android, app=null, networkConnectionEnabled=true, orientation=null, warnings={}, appiumVersion=null, appWaitPackage=null, appWaitActivity=null, databaseEnabled=false, launchTimeout=null, appActivity=com.glooko.logbook.activity.FtueActivity, locationContextEnabled=false}]
Session ID: 09d50cf7-e941-46b5-800f-616bc1534c6e
*** Element info: {Using=id, value=com.glooko.logbook:id/note_food_field}
	at sun.reflect.NativeConstructorAccessorImpl.newInstance0(Native Method)
	at sun.reflect.NativeConstructorAccessorImpl.newInstance(NativeConstructorAccessorImpl.java:62)
	at sun.reflect.DelegatingConstructorAccessorImpl.newInstance(DelegatingConstructorAccessorImpl.java:45)
	at java.lang.reflect.Constructor.newInstance(Constructor.java:423)
	at org.openqa.selenium.remote.ErrorHandler.createThrowable(ErrorHandler.java:206)
	at org.openqa.selenium.remote.ErrorHandler.throwIfResponseFailed(ErrorHandler.java:158)
	at org.openqa.selenium.remote.RemoteWebDriver.execute(RemoteWebDriver.java:678)
	at io.appium.java_client.DefaultGenericMobileDriver.execute(DefaultGenericMobileDriver.java:43)
	at io.appium.java_client.AppiumDriver.execute(AppiumDriver.java:1)
	at io.appium.java_client.android.AndroidDriver.execute(AndroidDriver.java:1)
	at org.openqa.selenium.remote.RemoteWebDriver.findElement(RemoteWebDriver.java:363)
	at org.openqa.selenium.remote.RemoteWebDriver.findElementById(RemoteWebDriver.java:413)
	at io.appium.java_client.DefaultGenericMobileDriver.findElementById(DefaultGenericMobileDriver.java:59)
	at io.appium.java_client.AppiumDriver.findElementById(AppiumDriver.java:1)
	at io.appium.java_client.android.AndroidDriver.findElementById(AndroidDriver.java:1)
	at com.atmecs.glucko.testfunction.AddNoteForCurrentDay.addNoteForCurrentDate(AddNoteForCurrentDay.java:31)
	at com.atmecs.glucko.testscripts.AddFoodMedicine.test(AddFoodMedicine.java:69)
	at sun.reflect.NativeMethodAccessorImpl.invoke0(Native Method)
	at sun.reflect.NativeMethodAccessorImpl.invoke(NativeMethodAccessorImpl.java:62)
	at sun.reflect.DelegatingMethodAccessorImpl.invoke(DelegatingMethodAccessorImpl.java:43)
	at java.lang.reflect.Method.invoke(Method.java:498)
	at org.testng.internal.MethodInvocationHelper.invokeMethod(MethodInvocationHelper.java:86)
	at org.testng.internal.Invoker.invokeMethod(Invoker.java:643)
	at org.testng.internal.Invoker.invokeTestMethod(Invoker.java:820)
	at org.testng.internal.Invoker.invokeTestMethods(Invoker.java:1128)
	at org.testng.internal.TestMethodWorker.invokeTestMethods(TestMethodWorker.java:129)
	at org.testng.internal.TestMethodWorker.run(TestMethodWorker.java:112)
	at org.testng.TestRunner.privateRun(TestRunner.java:782)
	at org.testng.TestRunner.run(TestRunner.java:632)
	at org.testng.SuiteRunner.runTest(SuiteRunner.java:366)
	at org.testng.SuiteRunner.runSequentially(SuiteRunner.java:361)
	at org.testng.SuiteRunner.privateRun(SuiteRunner.java:319)
	at org.testng.SuiteRunner.run(SuiteRunner.java:268)
	at org.testng.SuiteRunnerWorker.runSuite(SuiteRunnerWorker.java:52)
	at org.testng.SuiteRunnerWorker.run(SuiteRunnerWorker.java:86)
	at org.testng.TestNG.runSuitesSequentially(TestNG.java:1244)
	at org.testng.TestNG.runSuitesLocally(TestNG.java:1169)
	at org.testng.TestNG.run(TestNG.java:1064)
	at com.atmecs.falcon.automation.appium.executor.MyTestExecutor.runMethodParallel(MyTestExecutor.java:312)
	at com.atmecs.falcon.automation.appium.executor.MyTestExecutor.runMethodParallelAppium(MyTestExecutor.java:369)
	at com.atmecs.falcon.automation.appium.manager.ParallelThread.runner(ParallelThread.java:202)
	at com.atmecs.falcon.automation.appium.manager.Runner.testApp(Runner.java:17)
	at com.atmecs.glucko.runner.TestNGRunner.main(TestNGRunner.java:60)
	at sun.reflect.NativeMethodAccessorImpl.invoke0(Native Method)
	at sun.reflect.NativeMethodAccessorImpl.invoke(NativeMethodAccessorImpl.java:62)
	at sun.reflect.DelegatingMethodAccessorImpl.invoke(DelegatingMethodAccessorImpl.java:43)
	at java.lang.reflect.Method.invoke(Method.java:498)
	at org.codehaus.mojo.exec.ExecJavaMojo$1.run(ExecJavaMojo.java:294)
	at java.lang.Thread.run(Thread.java:745)
]]>
    </error>
  </testcase> <!-- test -->
</testsuite> <!-- com.atmecs.glucko.testscripts.AddFoodMedicine -->
